<?xml version="1.0" encoding="UTF-8"?>
<testng-results skipped="0" failed="0" ignored="0" total="1" passed="1">
  <reporter-output>
  </reporter-output>
  <suite name="Default suite" duration-ms="39324" started-at="2022-01-24T12:17:09 IST" finished-at="2022-01-24T12:17:48 IST">
    <groups>
    </groups>
    <test name="Default test" duration-ms="39324" started-at="2022-01-24T12:17:09 IST" finished-at="2022-01-24T12:17:48 IST">
      <class name="functionality.amazon">
        <test-method status="PASS" signature="login()[pri:0, instance:functionality.amazon@436e852b]" name="login" duration-ms="39250" started-at="2022-01-24T12:17:09 IST" finished-at="2022-01-24T12:17:48 IST">
          <reporter-output>
          </reporter-output>
        </test-method> <!-- login -->
      </class> <!-- functionality.amazon -->
    </test> <!-- Default test -->
  </suite> <!-- Default suite -->
</testng-results>
